SF:lib\generic\hashGenerator.dart
DA:8,1
DA:12,1
DA:14,2
DA:15,1
DA:17,1
DA:19,1
DA:20,1
DA:24,1
DA:27,2
DA:28,2
DA:30,2
DA:31,1
DA:33,1
LF:13
LH:13
end_of_record
SF:lib\generic\genericTypes\beneficiary.dart
DA:9,2
DA:17,2
DA:18,1
DA:19,1
DA:20,1
DA:21,1
DA:22,1
DA:23,1
DA:28,1
DA:29,1
DA:30,2
DA:31,2
DA:33,1
LF:13
LH:13
end_of_record
SF:lib\generic\genericTypes\customFields.dart
DA:4,2
DA:9,5
DA:11,1
DA:12,1
DA:13,2
DA:14,2
DA:16,1
LF:7
LH:7
end_of_record
SF:lib\generic\dateConverter.dart
DA:1,1
DA:2,2
DA:3,1
DA:4,2
DA:5,2
DA:6,2
DA:9,1
DA:10,2
DA:11,2
DA:12,2
DA:13,2
DA:14,2
DA:15,2
DA:21,1
DA:22,1
DA:23,2
DA:24,2
DA:25,2
DA:26,2
DA:27,0
DA:29,2
DA:30,1
DA:33,2
DA:34,2
DA:35,2
DA:36,1
DA:37,1
DA:38,1
DA:39,1
DA:40,1
DA:41,1
DA:42,1
DA:43,1
DA:44,1
DA:45,1
DA:46,1
LF:36
LH:35
end_of_record
SF:lib\remitaDirectDebit.dart
DA:18,1
DA:20,1
DA:25,1
DA:39,1
DA:40,1
DA:44,1
DA:47,1
DA:48,1
DA:51,1
DA:58,2
DA:59,1
DA:60,2
DA:61,1
DA:62,2
DA:64,8
DA:69,0
DA:71,4
DA:73,1
DA:75,1
DA:76,2
DA:86,1
DA:88,3
DA:90,3
DA:91,4
DA:92,1
DA:97,2
DA:98,4
DA:100,0
DA:103,1
DA:108,2
DA:110,1
DA:112,1
DA:113,1
DA:115,1
DA:116,1
DA:119,1
DA:126,3
DA:139,1
DA:147,4
DA:149,1
DA:150,1
DA:156,1
DA:158,1
DA:159,1
DA:161,1
DA:162,1
DA:165,1
DA:167,1
DA:168,1
DA:169,1
DA:172,3
DA:179,1
DA:181,3
DA:183,1
DA:186,1
DA:187,1
DA:189,1
DA:193,4
DA:194,1
DA:195,2
DA:199,1
DA:204,4
DA:205,3
DA:206,1
DA:207,1
DA:209,1
DA:212,1
DA:215,1
DA:216,2
DA:220,1
DA:225,4
DA:226,3
DA:227,1
DA:228,1
DA:229,1
DA:233,1
DA:236,1
DA:237,2
DA:240,1
DA:248,4
DA:249,1
DA:253,1
DA:254,1
DA:258,1
DA:260,1
DA:261,1
DA:263,1
DA:271,1
DA:272,2
DA:275,1
DA:278,4
DA:279,1
DA:282,3
DA:283,1
DA:284,1
DA:286,1
DA:289,1
DA:290,2
DA:295,1
DA:300,4
DA:301,1
DA:305,1
DA:307,1
DA:309,1
DA:312,1
DA:313,1
DA:315,1
DA:316,1
DA:319,1
DA:320,2
LF:110
LH:108
end_of_record
SF:lib\responseObjects\mandateHistoryObject.dart
DA:9,1
DA:15,1
DA:17,1
DA:18,1
DA:19,1
DA:20,1
DA:21,1
DA:22,3
DA:23,1
LF:9
LH:9
end_of_record
SF:lib\responseObjects\mandateStatus.dart
DA:11,1
DA:21,1
DA:23,1
DA:24,1
DA:25,1
DA:26,2
DA:27,2
DA:28,2
DA:29,1
DA:30,1
DA:31,1
DA:32,1
DA:33,0
DA:35,1
DA:38,0
DA:40,0
DA:41,0
DA:42,0
DA:43,0
DA:44,0
DA:45,0
DA:46,0
DA:47,0
DA:49,0
LF:24
LH:13
end_of_record
SF:lib\responseObjects\statusObject.dart
DA:13,1
DA:26,1
DA:27,2
DA:28,2
DA:29,1
DA:30,1
DA:31,2
DA:33,1
DA:34,1
DA:35,1
DA:36,1
DA:37,1
DA:38,1
DA:39,1
DA:40,2
DA:42,1
DA:43,1
DA:46,0
DA:48,0
DA:49,0
DA:50,0
DA:51,0
DA:52,0
DA:53,0
DA:54,0
DA:55,0
DA:56,0
DA:57,0
DA:58,0
DA:59,0
DA:60,0
DA:61,0
LF:32
LH:17
end_of_record
SF:lib\getRandomString.dart
DA:4,3
DA:6,3
DA:7,5
LF:3
LH:3
end_of_record
SF:lib\remitaInvoiceGeneration.dart
DA:16,1
DA:20,1
DA:27,1
DA:38,1
DA:49,2
DA:50,2
DA:51,1
DA:52,1
DA:56,1
DA:59,1
DA:62,2
DA:63,1
DA:66,3
DA:67,4
DA:75,1
DA:77,1
DA:78,3
DA:83,3
DA:88,3
DA:91,4
DA:94,1
DA:97,2
DA:98,1
DA:99,3
DA:100,1
LF:25
LH:25
end_of_record
SF:lib\responseObjects\chargeObject.dart
DA:2,1
DA:10,2
DA:11,1
DA:12,1
DA:13,1
DA:14,1
DA:16,0
DA:18,0
DA:19,0
DA:20,0
DA:21,0
DA:22,0
DA:23,0
LF:13
LH:6
end_of_record
SF:lib\generic\apiList.dart
DA:5,1
DA:10,2
DA:18,2
DA:23,2
LF:4
LH:4
end_of_record
SF:lib\generic\httpCalls.dart
DA:10,1
DA:14,2
DA:15,1
DA:17,1
DA:21,6
DA:23,0
DA:28,1
DA:34,3
DA:40,3
DA:41,1
DA:43,2
DA:45,6
DA:46,0
DA:51,0
DA:53,0
DA:54,0
DA:59,0
DA:60,0
DA:64,0
DA:66,0
DA:67,0
DA:68,0
DA:74,0
LF:23
LH:11
end_of_record
SF:lib\remita_handler.dart
DA:6,1
DA:12,0
DA:14,0
LF:3
LH:1
end_of_record
SF:lib\responseObjects\genericResponse.dart
DA:5,1
LF:1
LH:1
end_of_record
SF:lib\responseObjects\mandateDataObject.dart
DA:7,1
DA:13,1
DA:14,1
DA:15,1
DA:16,1
DA:17,1
DA:18,1
DA:19,2
DA:20,0
DA:21,0
LF:10
LH:8
end_of_record
SF:lib\responseObjects\mandatePaymentObject.dart
DA:8,0
DA:15,0
DA:17,0
DA:18,0
DA:19,0
DA:20,0
DA:21,0
DA:22,0
DA:23,0
DA:24,0
LF:10
LH:0
end_of_record
